2025-02-25 00:26:58,489 - INFO - Starting upcoming games fetching process
2025-02-25 00:26:59,633 - INFO - Found 0 games with odds for 20250225
2025-02-25 00:27:00,238 - INFO - Found 0 games with odds for 20250226
2025-02-25 00:27:00,829 - INFO - Found 0 games with odds for 20250227
2025-02-25 00:27:00,833 - INFO - Games database and tables created successfully
2025-02-25 00:27:00,834 - INFO - Stored upcoming games data for 3 dates
2025-02-25 00:27:00,834 - INFO - Games for 2025-02-25: 0
2025-02-25 00:27:00,834 - INFO - Games for 2025-02-26: 0
2025-02-25 00:27:00,835 - INFO - Games for 2025-02-27: 0
2025-02-25 00:27:00,835 - INFO - Upcoming games fetching process completed
2025-02-25 00:28:00,258 - INFO - Starting upcoming games fetching process
2025-02-25 00:28:01,389 - INFO - Found 0 games with odds for 20250225
2025-02-25 00:28:02,034 - INFO - Found 0 games with odds for 20250226
2025-02-25 00:28:02,626 - INFO - Found 0 games with odds for 20250227
2025-02-25 00:28:02,627 - INFO - Games database and tables created successfully
2025-02-25 00:28:02,628 - INFO - Stored upcoming games data for 3 dates
2025-02-25 00:28:02,629 - INFO - Games for 2025-02-25: 0
2025-02-25 00:28:02,629 - INFO - Games for 2025-02-26: 0
2025-02-25 00:28:02,629 - INFO - Games for 2025-02-27: 0
2025-02-25 00:28:02,629 - INFO - Upcoming games fetching process completed
