2025-02-24 20:13:11,458 - INFO - Fetching NBA depth charts from API
2025-02-24 20:13:11,978 - INFO - Successfully retrieved depth charts
2025-02-24 20:13:11,988 - INFO - Saved raw depth chart data to /Users/lukesmac/Models/nba/data/depth_charts_20250224_201311.json
2025-02-24 20:13:11,988 - ERROR - Error parsing depth charts: 'list' object has no attribute 'items'
2025-02-24 20:16:55,003 - INFO - Fetching data from API
2025-02-24 20:16:55,004 - INFO - Fetching NBA depth charts from API
2025-02-24 20:16:55,009 - DEBUG - Starting new HTTPS connection (1): tank01-fantasy-stats.p.rapidapi.com:443
2025-02-24 20:16:55,399 - DEBUG - https://tank01-fantasy-stats.p.rapidapi.com:443 "GET /getNBADepthCharts HTTP/1.1" 200 63529
2025-02-24 20:16:55,484 - DEBUG - API Response text: {"statusCode": 200, "body": [{"depthChart": {"SF": [{"depthPosition": "SF1", "longName": "Zaccharie Risacher", "playerID": "943541715989"}, {"depthPosition": "SF2", "longName": "Vit Krejci", "playerID": "941044811139"}, {"depthPosition": "SF3", "longName": "Caris LeVert", "playerID": "28838048249"}, {"depthPosition": "SF4", "longName": "Terance Mann", "playerID": "28558319499"}, {"depthPosition": "SF5", "longName": "Georges Niang", "playerID": "28428786249"}], "C": [{"depthPosition": "C1", "long...
2025-02-24 20:16:55,486 - INFO - Successfully retrieved depth charts
2025-02-24 20:16:55,497 - INFO - Saved raw depth chart data to /Users/lukesmac/Models/nba/data/depth_charts_20250224_201655.json
2025-02-24 20:16:55,503 - INFO - Response format: {
  "statusCode": 200,
  "body": [
    {
      "depthChart": {
        "SF": [
          {
            "depthPosition": "SF1",
            "longName": "Zaccharie Risacher",
            "playerID": "94...
2025-02-24 20:16:55,503 - INFO - Parsed positions for 450 players
2025-02-24 20:16:55,503 - INFO - Player Trae Young (28978646789): PG1
2025-02-24 20:16:55,503 - INFO - Player Terance Mann (28558319499): PG2
2025-02-24 20:16:55,503 - INFO - Player Vit Krejci (941044811139): SF2
2025-02-24 20:16:55,503 - INFO - Player Keaton Wallace (28688877869): PG4
2025-02-24 20:16:55,503 - INFO - Player Dyson Daniels (940747982639): SG1
2025-02-24 20:16:55,507 - INFO - Connected to database: /Users/lukesmac/Models/nba/data/player_game_stats.db
2025-02-24 20:16:55,510 - INFO - Adding 'position' column to player_game_stats table
2025-02-24 20:16:55,570 - INFO - Found 930 unique players in database
2025-02-24 20:16:55,625 - INFO - Updated positions for 448 players
2025-02-24 20:16:55,630 - INFO - Updated player_positions reference table with 450 entries
2025-02-24 20:19:15,006 - INFO - Fetching data from API
2025-02-24 20:19:15,006 - INFO - Fetching NBA depth charts from API
2025-02-24 20:19:15,545 - INFO - Successfully retrieved depth charts
2025-02-24 20:19:15,556 - INFO - Saved raw depth chart data to /Users/lukesmac/Models/nba/data/depth_charts_20250224_201915.json
2025-02-24 20:19:15,562 - INFO - Response format: {
  "statusCode": 200,
  "body": [
    {
      "depthChart": {
        "SF": [
          {
            "depthPosition": "SF1",
            "longName": "Zaccharie Risacher",
            "playerID": "94...
2025-02-24 20:19:15,562 - INFO - Parsed positions for 450 players
2025-02-24 20:19:15,562 - INFO - Player Trae Young (28978646789): PG1
2025-02-24 20:19:15,562 - INFO - Player Terance Mann (28558319499): PG2
2025-02-24 20:19:15,562 - INFO - Player Vit Krejci (941044811139): SF2
2025-02-24 20:19:15,562 - INFO - Player Keaton Wallace (28688877869): PG4
2025-02-24 20:19:15,562 - INFO - Player Dyson Daniels (940747982639): SG1
2025-02-24 20:19:15,566 - INFO - Connected to database: /Users/lukesmac/Models/nba/data/player_game_stats.db
2025-02-24 20:19:15,678 - INFO - Found 930 unique players in database
2025-02-24 20:19:15,722 - INFO - Updated positions for 448 players, modifying 37617 rows
2025-02-24 20:19:15,722 - INFO - Skipped 0 players that already had positions set
2025-02-24 20:19:15,726 - INFO - Total rows with position after update: 37617
2025-02-24 20:19:15,728 - INFO - Updated player_positions reference table with 450 entries
2025-02-24 20:19:41,098 - INFO - Connected to database: /Users/lukesmac/Models/nba/data/player_game_stats.db
2025-02-24 20:23:20,288 - INFO - Fetching data from API
2025-02-24 20:23:20,288 - INFO - Fetching NBA depth charts from API
2025-02-24 20:23:20,877 - INFO - Successfully retrieved depth charts
2025-02-24 20:23:20,888 - INFO - Saved raw depth chart data to /Users/lukesmac/Models/nba/data/depth_charts_20250224_202320.json
2025-02-24 20:23:20,895 - INFO - Response format: {
  "statusCode": 200,
  "body": [
    {
      "depthChart": {
        "SF": [
          {
            "depthPosition": "SF1",
            "longName": "Zaccharie Risacher",
            "playerID": "94...
2025-02-24 20:23:20,896 - INFO - Parsed positions for 450 players
2025-02-24 20:23:20,896 - INFO - Player Trae Young (28978646789): PG1
2025-02-24 20:23:20,896 - INFO - Player Terance Mann (28558319499): PG2
2025-02-24 20:23:20,896 - INFO - Player Vit Krejci (941044811139): SF2
2025-02-24 20:23:20,896 - INFO - Player Keaton Wallace (28688877869): PG4
2025-02-24 20:23:20,896 - INFO - Player Dyson Daniels (940747982639): SG1
2025-02-24 20:23:20,899 - INFO - Connected to database: /Users/lukesmac/Models/nba/data/player_game_stats.db
2025-02-24 20:23:21,003 - INFO - Adding 'position_depth' column to player_game_stats table
2025-02-24 20:23:21,011 - INFO - Found 930 unique players in database
2025-02-24 20:23:21,077 - INFO - Updated positions for 448 players, modifying 37617 rows
2025-02-24 20:23:21,078 - INFO - Skipped 0 players that already had positions set
2025-02-24 20:23:21,082 - INFO - Total rows with position after update: 37617
2025-02-24 20:23:21,082 - ERROR - Database error updating positions: table player_positions has no column named position_depth
2025-02-24 20:25:01,823 - INFO - Connected to database: /Users/lukesmac/Models/nba/data/player_game_stats.db
2025-02-24 20:29:15,560 - INFO - Fetching data from API
2025-02-24 20:29:15,560 - INFO - Fetching NBA depth charts from API
2025-02-24 20:29:16,848 - INFO - Successfully retrieved depth charts
2025-02-24 20:29:16,850 - INFO - Skipping JSON file creation (use --save-json to enable)
2025-02-24 20:29:16,857 - INFO - Response format: {
  "statusCode": 200,
  "body": [
    {
      "depthChart": {
        "SF": [
          {
            "depthPosition": "SF1",
            "longName": "Zaccharie Risacher",
            "playerID": "94...
2025-02-24 20:29:16,858 - INFO - Parsed positions for 450 players
2025-02-24 20:29:16,858 - INFO - Player Trae Young (28978646789): PG1
2025-02-24 20:29:16,858 - INFO - Player Terance Mann (28558319499): PG2
2025-02-24 20:29:16,858 - INFO - Player Vit Krejci (941044811139): SF2
2025-02-24 20:29:16,858 - INFO - Player Keaton Wallace (28688877869): PG4
2025-02-24 20:29:16,858 - INFO - Player Dyson Daniels (940747982639): SG1
2025-02-24 20:29:16,861 - INFO - Connected to database: /Users/lukesmac/Models/nba/data/player_game_stats.db
2025-02-24 20:29:16,923 - INFO - Found 930 unique players in database
2025-02-24 20:29:16,952 - INFO - Updated positions for 0 players, modifying 0 rows
2025-02-24 20:29:16,952 - INFO - Skipped 448 players that already had positions set
2025-02-24 20:29:16,959 - INFO - Total rows with position after update: 37617
2025-02-24 20:29:16,960 - ERROR - Database error updating positions: table player_positions has no column named position_depth
